<?xml version="1.0" encoding="UTF-8"?>
<!-- Generated by org.testng.reporters.JUnitReportReporter -->
<testsuite hostname="USER-3" failures="0" tests="3" name="com.example.Testcases.PortalUserTestcase" time="27.844" errors="0" timestamp="2024-10-10T13:32:53 IST" skipped="0">
  <testcase classname="com.example.Testcases.PortalUserTestcase" name="createUser" time="21.984"/>
  <system-out/>
  <testcase classname="com.example.Testcases.PortalUserTestcase" name="editUser" time="4.605"/>
  <system-out/>
  <testcase classname="com.example.Testcases.PortalUserTestcase" name="searchUser" time="1.255"/>
  <system-out/>
</testsuite> <!-- com.example.Testcases.PortalUserTestcase -->
