<?xml version="1.0" encoding="UTF-8"?>
<!-- Generated by org.testng.reporters.JUnitReportReporter -->
<testsuite hostname="USER-3" failures="0" tests="1" name="com.example.Testcases.Login" time="8.263" errors="0" timestamp="2024-10-07T15:19:05 IST" skipped="0">
  <testcase classname="com.example.Testcases.Login" name="testLogin" time="8.263"/>
  <system-out/>
</testsuite> <!-- com.example.Testcases.Login -->
