<?xml version="1.0" encoding="UTF-8"?>
<!-- Generated by org.testng.reporters.JUnitReportReporter -->
<testsuite hostname="USER-3" failures="0" tests="2" name="com.example.Testcases.LoginViaExcel" time="12.574" errors="0" timestamp="2024-09-03T14:02:10 IST" skipped="0">
  <testcase classname="com.example.Testcases.LoginViaExcel" name="loginTest" time="7.066"/>
  <system-out/>
  <testcase classname="com.example.Testcases.LoginViaExcel" name="loginTest" time="5.508"/>
  <system-out/>
</testsuite> <!-- com.example.Testcases.LoginViaExcel -->
