<?xml version="1.0" encoding="UTF-8"?>
<!-- Generated by org.testng.reporters.JUnitReportReporter -->
<testsuite hostname="USER-3" failures="0" tests="1" name="com.example.Testcases.PortalUserTestcase" time="22.807" errors="0" timestamp="2024-10-08T11:18:28 IST" skipped="0">
  <testcase classname="com.example.Testcases.PortalUserTestcase" name="createUser" time="22.807"/>
  <system-out/>
</testsuite> <!-- com.example.Testcases.PortalUserTestcase -->
