<?xml version="1.0" encoding="UTF-8"?>
<!-- Generated by org.testng.reporters.JUnitReportReporter -->
<testsuite hostname="USER-3" failures="0" tests="2" name="com.example.Testcases.PortalUserTestcase" time="23.904" errors="0" timestamp="2024-10-10T11:02:02 IST" skipped="0">
  <testcase classname="com.example.Testcases.PortalUserTestcase" name="createUser" time="18.880"/>
  <system-out/>
  <testcase classname="com.example.Testcases.PortalUserTestcase" name="editUser" time="5.024"/>
  <system-out/>
</testsuite> <!-- com.example.Testcases.PortalUserTestcase -->
