<?xml version="1.0" encoding="UTF-8"?>
<!-- Generated by org.testng.reporters.JUnitReportReporter -->
<testsuite hostname="USER-3" failures="0" tests="5" name="com.example.Testcases.PortalUserTestcase" time="45.237" errors="0" timestamp="2024-10-11T12:55:09 IST" skipped="0">
  <testcase classname="com.example.Testcases.PortalUserTestcase" name="createUser" time="21.036"/>
  <system-out/>
  <testcase classname="com.example.Testcases.PortalUserTestcase" name="editUser" time="4.229"/>
  <system-out/>
  <testcase classname="com.example.Testcases.PortalUserTestcase" name="searchUser" time="1.249"/>
  <system-out/>
  <testcase classname="com.example.Testcases.PortalUserTestcase" name="paginationFunctionality" time="12.953"/>
  <system-out/>
  <testcase classname="com.example.Testcases.PortalUserTestcase" name="displayRecordsFunctionality" time="5.770"/>
  <system-out/>
</testsuite> <!-- com.example.Testcases.PortalUserTestcase -->
