<?xml version="1.0" encoding="UTF-8"?>
<!-- Generated by org.testng.reporters.JUnitReportReporter -->
<testsuite hostname="USER-3" failures="0" tests="1" name="com.example.tests.Login" time="9.192" errors="0" timestamp="2024-08-28T15:15:53 IST" skipped="0">
  <testcase classname="com.example.tests.Login" name="Login" time="9.192"/>
</testsuite> <!-- com.example.tests.Login -->
