<?xml version="1.0" encoding="UTF-8"?>
<!-- Generated by org.testng.reporters.JUnitReportReporter -->
<testsuite hostname="USER-3" failures="0" tests="3" name="com.example.Testcases.CrewAppUserTestcase" time="358.782" errors="0" timestamp="2024-10-17T18:10:19 IST" skipped="1">
  <testcase classname="com.example.Testcases.CrewAppUserTestcase" name="createUser" time="176.987"/>
  <system-out/>
  <testcase classname="com.example.Testcases.CrewAppUserTestcase" name="ColumnFilters" time="181.795"/>
  <system-out/>
  <testcase classname="com.example.Testcases.CrewAppUserTestcase" name="updateUser">
    <skipped/>
  </testcase> <!-- updateUser -->
  <system-out/>
</testsuite> <!-- com.example.Testcases.CrewAppUserTestcase -->
