<?xml version="1.0" encoding="UTF-8"?>
<!-- Generated by org.testng.reporters.JUnitReportReporter -->
<testsuite hostname="USER-3" failures="0" tests="3" name="com.example.Testcases.CrewAppUserTestcase" time="199.532" errors="0" timestamp="2024-10-15T14:41:12 IST" skipped="1">
  <testcase classname="com.example.Testcases.CrewAppUserTestcase" name="createUser" time="150.447"/>
  <system-out/>
  <testcase classname="com.example.Testcases.CrewAppUserTestcase" name="ColumnFilters" time="49.085"/>
  <system-out/>
  <testcase classname="com.example.Testcases.CrewAppUserTestcase" name="updateUser">
    <skipped/>
  </testcase> <!-- updateUser -->
  <system-out/>
</testsuite> <!-- com.example.Testcases.CrewAppUserTestcase -->
