<?xml version="1.0" encoding="UTF-8"?>
<!-- Generated by org.testng.reporters.JUnitReportReporter -->
<testsuite hostname="USER-3" failures="0" tests="3" name="com.example.Testcases.CrewAppUserTestcase" time="387.457" errors="0" timestamp="2024-10-18T16:03:41 IST" skipped="1">
  <testcase classname="com.example.Testcases.CrewAppUserTestcase" name="createUser" time="113.887"/>
  <system-out/>
  <testcase classname="com.example.Testcases.CrewAppUserTestcase" name="ColumnFilters" time="273.570"/>
  <system-out/>
  <testcase classname="com.example.Testcases.CrewAppUserTestcase" name="updateUser">
    <skipped/>
  </testcase> <!-- updateUser -->
  <system-out/>
</testsuite> <!-- com.example.Testcases.CrewAppUserTestcase -->
