<?xml version="1.0" encoding="UTF-8"?>
<!-- Generated by org.testng.reporters.JUnitReportReporter -->
<testsuite hostname="USER-3" failures="0" tests="3" name="com.example.demoTest" time="7.824" errors="0" timestamp="2024-08-28T13:32:50 IST" skipped="0">
  <testcase classname="com.example.demoTest" name="exampleTest1" time="4.600"/>
  <testcase classname="com.example.demoTest" name="exampleTest3" time="1.839"/>
  <testcase classname="com.example.demoTest" name="exampleTest2" time="1.385"/>
</testsuite> <!-- com.example.demoTest -->
