<?xml version="1.0" encoding="UTF-8"?>
<!-- Generated by org.testng.reporters.JUnitReportReporter -->
<testsuite hostname="USER-3" failures="0" tests="3" name="com.example.tests.demoTest" time="11.042" errors="0" timestamp="2024-08-28T14:29:26 IST" skipped="0">
  <testcase classname="com.example.tests.demoTest" name="exampleTest3" time="5.703"/>
  <testcase classname="com.example.tests.demoTest" name="exampleTest2" time="1.872"/>
  <testcase classname="com.example.tests.demoTest" name="exampleTest1" time="3.467"/>
</testsuite> <!-- com.example.tests.demoTest -->
