<?xml version="1.0" encoding="UTF-8"?>
<!-- Generated by org.testng.reporters.JUnitReportReporter -->
<testsuite hostname="USER-3" failures="0" tests="1" name="com.example.Testcases.Login" time="5.999" errors="0" timestamp="2024-09-03T14:03:46 IST" skipped="0">
  <testcase classname="com.example.Testcases.Login" name="testLogin" time="5.999"/>
</testsuite> <!-- com.example.Testcases.Login -->
