<?xml version="1.0" encoding="UTF-8"?>
<!-- Generated by org.testng.reporters.JUnitReportReporter -->
<testsuite hostname="USER-3" failures="0" tests="2" name="com.example.Testcases.LoginViaExcel" time="12.904" errors="0" timestamp="2024-09-03T14:03:46 IST" skipped="0">
  <testcase classname="com.example.Testcases.LoginViaExcel" name="loginTest" time="7.143"/>
  <testcase classname="com.example.Testcases.LoginViaExcel" name="loginTest" time="5.761"/>
</testsuite> <!-- com.example.Testcases.LoginViaExcel -->
