<?xml version="1.0" encoding="UTF-8"?>
<!-- Generated by org.testng.reporters.JUnitReportReporter -->
<testsuite hostname="USER-3" failures="0" tests="2" name="com.example.Testcases.LoginViaExcel" time="12.615" errors="0" timestamp="2024-09-04T12:39:20 IST" skipped="0">
  <testcase classname="com.example.Testcases.LoginViaExcel" name="loginTest" time="6.638"/>
  <testcase classname="com.example.Testcases.LoginViaExcel" name="loginTest" time="5.977"/>
</testsuite> <!-- com.example.Testcases.LoginViaExcel -->
